<?xml version="1.0" encoding="UTF-8"?>
<!-- Generated by org.testng.reporters.JUnitReportReporter -->
<testsuite hostname="DESKTOP-GRCB15Q" failures="0" tests="1" name="ProjectPackage.SignupTestCasesClass" time="9.398" errors="0" timestamp="2024-01-02T21:36:10 EET" skipped="0">
  <testcase classname="ProjectPackage.SignupTestCasesClass" name="SignUp" time="9.398"/>
  <system-out/>
</testsuite> <!-- ProjectPackage.SignupTestCasesClass -->
