<?xml version="1.0" encoding="UTF-8"?>
<!-- Generated by org.testng.reporters.JUnitReportReporter -->
<testsuite hostname="DESKTOP-GRCB15Q" failures="0" tests="1" name="ProjectPackage.TransClass" time="11.302" errors="0" timestamp="2024-01-02T21:36:10 EET" skipped="0">
  <testcase classname="ProjectPackage.TransClass" name="TransactionTest" time="11.302"/>
  <system-out/>
</testsuite> <!-- ProjectPackage.TransClass -->
