<?xml version="1.0" encoding="UTF-8"?>
<!-- Generated by org.testng.reporters.JUnitReportReporter -->
<testsuite hostname="DESKTOP-GRCB15Q" failures="0" tests="2" name="ProjectPackage.LoginTestCasesClass" time="10.319" errors="0" timestamp="2024-01-02T21:36:11 EET" skipped="0">
  <testcase classname="ProjectPackage.LoginTestCasesClass" name="Login" time="5.868"/>
  <system-out/>
  <testcase classname="ProjectPackage.LoginTestCasesClass" name="changePass" time="4.451"/>
  <system-out/>
</testsuite> <!-- ProjectPackage.LoginTestCasesClass -->
